  Neural Network.cpp
d:\google drive\visual studio 2017\neural network\neural network\neural network.cpp(41): warning C4267: 'initializing': conversion from 'size_t' to 'uint16_t', possible loss of data
d:\google drive\visual studio 2017\neural network\neural network\neural network.cpp(240): warning C4244: '=': conversion from 'double' to '_Ty', possible loss of data
          with
          [
              _Ty=float
          ]
d:\google drive\visual studio 2017\neural network\neural network\neural network.cpp(264): warning C4244: '=': conversion from 'double' to '_Ty', possible loss of data
          with
          [
              _Ty=float
          ]
d:\google drive\visual studio 2017\neural network\neural network\neural network.cpp(369): warning C4244: '=': conversion from 'double' to 'float', possible loss of data
d:\google drive\visual studio 2017\neural network\neural network\neural network.cpp(466): warning C4267: 'return': conversion from 'size_t' to 'unsigned int', possible loss of data
d:\google drive\visual studio 2017\neural network\neural network\neural network.cpp(478): warning C4267: 'return': conversion from 'size_t' to 'unsigned int', possible loss of data
d:\google drive\visual studio 2017\neural network\neural network\neural network.cpp(594): warning C4101: 'fptr_last': unreferenced local variable
d:\google drive\visual studio 2017\neural network\neural network\neural network.cpp(650): warning C4244: '=': conversion from 'double' to '_Ty', possible loss of data
          with
          [
              _Ty=float
          ]
d:\google drive\visual studio 2017\neural network\neural network\neural network.cpp(624): warning C4101: 'fptr_last': unreferenced local variable
d:\google drive\visual studio 2017\neural network\neural network\neural network.cpp(663): warning C4305: 'initializing': truncation from 'double' to 'float'
d:\google drive\visual studio 2017\neural network\neural network\neural network.cpp(688): warning C4244: 'return': conversion from 'double' to 'float', possible loss of data
d:\google drive\visual studio 2017\neural network\neural network\neural network.cpp(722): warning C4267: 'initializing': conversion from 'size_t' to 'unsigned int', possible loss of data
d:\google drive\visual studio 2017\neural network\neural network\neural network.cpp(779): warning C4244: '=': conversion from 'double' to 'float', possible loss of data
d:\google drive\visual studio 2017\neural network\neural network\neural network.cpp(788): warning C4267: 'initializing': conversion from 'size_t' to 'unsigned int', possible loss of data
d:\google drive\visual studio 2017\neural network\neural network\neural network.cpp(802): warning C4267: 'initializing': conversion from 'size_t' to 'unsigned int', possible loss of data
  Neural Network.vcxproj -> D:\Google Drive\Visual Studio 2017\Neural Network\x64\Debug\Neural Network.exe
